<?xml version="1.0" encoding="UTF-8"?>
<!-- Generated by org.testng.reporters.JUnitReportReporter -->
<testsuite hostname="matiurs-Air.lan" failures="0" tests="2" name="check.TestCalculator" time="0.018" errors="0" timestamp="2022-06-04T11:50:36 EDT" skipped="0">
  <testcase classname="check.TestCalculator" name="verifyCalculatorAddition" time="0.018"/>
  <system-out/>
  <testcase classname="check.TestCalculator" name="verifyCalculatorSubtraction" time="0.000"/>
  <system-out/>
</testsuite> <!-- check.TestCalculator -->
